<?xml version="1.0" encoding="UTF-8"?>
<coverage generated="1631307007407" clover="3.2.0">
  <project timestamp="1631307007408" name="All files">
    <metrics statements="7" coveredstatements="7" conditionals="0" coveredconditionals="0" methods="0" coveredmethods="0" elements="7" coveredelements="7" complexity="0" loc="7" ncloc="7" packages="1" files="1" classes="1"/>
    <file name="SignUpPage.svelte" path="/Users/alexgochenour/IdeaProjects/source/src/pages/SignUpPage.svelte">
      <metrics statements="7" coveredstatements="7" conditionals="0" coveredconditionals="0" methods="0" coveredmethods="0"/>
      <line num="1" count="5" type="stmt"/>
      <line num="3" count="5" type="stmt"/>
      <line num="4" count="5" type="stmt"/>
      <line num="6" count="5" type="stmt"/>
      <line num="7" count="5" type="stmt"/>
      <line num="9" count="5" type="stmt"/>
      <line num="10" count="5" type="stmt"/>
    </file>
  </project>
</coverage>
