{"C:\\Users\\Owner\\WebstormProjects\\source\\src\\App.svelte": {"path":"C:\\Users\\Owner\\WebstormProjects\\source\\src\\App.svelte","statementMap":{"0":{"start":{"line":2,"column":19},"end":{"line":2,"column":null}},"1":{"start":{"line":3,"column":17},"end":{"line":3,"column":null}},"2":{"start":{"line":4,"column":14},"end":{"line":4,"column":null}},"3":{"start":{"line":14,"column":7},"end":{"line":14,"column":null}},"4":{"start":{"line":14,"column":19},"end":{"line":14,"column":null}},"5":{"start":{"line":16,"column":12},"end":{"line":16,"column":null}},"6":{"start":{"line":16,"column":29},"end":{"line":16,"column":null}},"7":{"start":{"line":9,"column":0},"end":{"line":21,"column":null}},"8":{"start":{"line":10,"column":2},"end":{"line":13,"column":null}},"9":{"start":{"line":11,"column":4},"end":{"line":11,"column":null}},"10":{"start":{"line":12,"column":4},"end":{"line":12,"column":null}},"11":{"start":{"line":6,"column":13},"end":{"line":6,"column":37}}},"fnMap":{},"branchMap":{"0":{"loc":{"start":{"line":14,"column":7},"end":{"line":14,"column":null}},"type":"if","locations":[{"start":{"line":14,"column":7},"end":{"line":14,"column":null}},{"start":{"line":14,"column":7},"end":{"line":14,"column":null}}]},"1":{"loc":{"start":{"line":16,"column":12},"end":{"line":16,"column":null}},"type":"if","locations":[{"start":{"line":16,"column":12},"end":{"line":16,"column":null}},{"start":{"line":16,"column":12},"end":{"line":16,"column":null}}]}},"s":{"0":1,"1":1,"2":1,"3":8,"4":3,"5":5,"6":3,"7":8,"8":8,"9":8,"10":8,"11":8},"f":{},"b":{"0":[3,5],"1":[3,2]}}
,"C:\\Users\\Owner\\WebstormProjects\\source\\src\\pages\\LoginPage.svelte": {"path":"C:\\Users\\Owner\\WebstormProjects\\source\\src\\pages\\LoginPage.svelte","statementMap":{"0":{"start":{"line":2,"column":34},"end":{"line":2,"column":null}},"1":{"start":{"line":45,"column":56},"end":{"line":47,"column":13}},"2":{"start":{"line":25,"column":0},"end":{"line":48,"column":null}},"3":{"start":{"line":26,"column":4},"end":{"line":26,"column":null}},"4":{"start":{"line":27,"column":4},"end":{"line":27,"column":null}},"5":{"start":{"line":28,"column":4},"end":{"line":29,"column":null}},"6":{"start":{"line":29,"column":23},"end":{"line":29,"column":34}},"7":{"start":{"line":31,"column":4},"end":{"line":31,"column":null}},"8":{"start":{"line":32,"column":4},"end":{"line":33,"column":null}},"9":{"start":{"line":33,"column":23},"end":{"line":33,"column":31}},"10":{"start":{"line":35,"column":4},"end":{"line":35,"column":null}},"11":{"start":{"line":36,"column":4},"end":{"line":38,"column":null}},"12":{"start":{"line":38,"column":23},"end":{"line":38,"column":34}},"13":{"start":{"line":40,"column":4},"end":{"line":40,"column":null}},"14":{"start":{"line":41,"column":4},"end":{"line":43,"column":null}},"15":{"start":{"line":43,"column":23},"end":{"line":43,"column":35}},"16":{"start":{"line":45,"column":4},"end":{"line":47,"column":null}},"17":{"start":{"line":12,"column":6},"end":{"line":12,"column":null}},"18":{"start":{"line":13,"column":6},"end":{"line":13,"column":null}},"19":{"start":{"line":14,"column":6},"end":{"line":14,"column":null}},"20":{"start":{"line":18,"column":6},"end":{"line":18,"column":null}},"21":{"start":{"line":19,"column":6},"end":{"line":19,"column":null}},"22":{"start":{"line":20,"column":6},"end":{"line":20,"column":null}},"23":{"start":{"line":21,"column":6},"end":{"line":21,"column":null}},"24":{"start":{"line":7,"column":4},"end":{"line":9,"column":null}},"25":{"start":{"line":7,"column":5},"end":{"line":9,"column":null}}},"fnMap":{},"branchMap":{"0":{"loc":{"start":{"line":29,"column":23},"end":{"line":29,"column":31}},"type":"binary-expr","locations":[{"start":{"line":29,"column":23},"end":{"line":29,"column":31}},{"start":{"line":29,"column":23},"end":{"line":29,"column":34}}]},"1":{"loc":{"start":{"line":33,"column":23},"end":{"line":33,"column":28}},"type":"binary-expr","locations":[{"start":{"line":33,"column":23},"end":{"line":33,"column":28}},{"start":{"line":33,"column":23},"end":{"line":33,"column":31}}]},"2":{"loc":{"start":{"line":38,"column":23},"end":{"line":38,"column":31}},"type":"binary-expr","locations":[{"start":{"line":38,"column":23},"end":{"line":38,"column":31}},{"start":{"line":38,"column":23},"end":{"line":38,"column":34}}]},"3":{"loc":{"start":{"line":43,"column":23},"end":{"line":43,"column":32}},"type":"binary-expr","locations":[{"start":{"line":43,"column":23},"end":{"line":43,"column":32}},{"start":{"line":43,"column":23},"end":{"line":43,"column":35}}]},"4":{"loc":{"start":{"line":8,"column":9},"end":{"line":8,"column":31}},"type":"cond-expr","locations":[{"start":{"line":8,"column":9},"end":{"line":8,"column":31}},{"start":{"line":9,"column":8},"end":{"line":9,"column":12}}]},"5":{"loc":{"start":{"line":7,"column":19},"end":{"line":7,"column":27}},"type":"binary-expr","locations":[{"start":{"line":7,"column":19},"end":{"line":7,"column":27}},{"start":{"line":7,"column":31},"end":{"line":7,"column":40}}]}},"s":{"0":2,"1":14,"2":14,"3":14,"4":14,"5":14,"6":37,"7":14,"8":14,"9":47,"10":14,"11":14,"12":56,"13":14,"14":14,"15":56,"16":14,"17":2,"18":2,"19":2,"20":2,"21":2,"22":2,"23":2,"24":24,"25":24},"f":{},"b":{"0":[14,4],"1":[14,4],"2":[14,6],"3":[14,6],"4":[4,20],"5":[24,8]}}
,"C:\\Users\\Owner\\WebstormProjects\\source\\src\\pages\\utils.js": {"path":"C:\\Users\\Owner\\WebstormProjects\\source\\src\\pages\\utils.js","statementMap":{"0":{"start":{"line":2,"column":18},"end":{"line":2,"column":58}},"1":{"start":{"line":3,"column":2},"end":{"line":3,"column":32}},"2":{"start":{"line":6,"column":16},"end":{"line":6,"column":32}},"3":{"start":{"line":8,"column":29},"end":{"line":14,"column":2}},"4":{"start":{"line":8,"column":61},"end":{"line":14,"column":1}}},"fnMap":{"0":{"name":"sendFormDataToBackend","decl":{"start":{"line":1,"column":22},"end":{"line":1,"column":43}},"loc":{"start":{"line":1,"column":72},"end":{"line":4,"column":1}},"line":1},"1":{"name":"(anonymous_1)","decl":{"start":{"line":8,"column":29},"end":{"line":8,"column":30}},"loc":{"start":{"line":8,"column":61},"end":{"line":14,"column":1}},"line":8}},"branchMap":{},"s":{"0":0,"1":0,"2":2,"3":2,"4":0},"f":{"0":0,"1":0},"b":{},"_coverageSchema":"1a1c01bbd47fc00a2c39e90264f33305004495a9","hash":"e5e5f53c3a791631da8b2c52bd2a2b3dacff8426"}
}
