{"C:\\Users\\Owner\\WebstormProjects\\source\\src\\App.svelte": {"path":"C:\\Users\\Owner\\WebstormProjects\\source\\src\\App.svelte","statementMap":{"0":{"start":{"line":2,"column":18},"end":{"line":2,"column":null}},"1":{"start":{"line":3,"column":17},"end":{"line":3,"column":null}},"2":{"start":{"line":4,"column":14},"end":{"line":4,"column":null}},"3":{"start":{"line":5,"column":18},"end":{"line":5,"column":null}},"4":{"start":{"line":6,"column":17},"end":{"line":6,"column":null}},"5":{"start":{"line":7,"column":30},"end":{"line":7,"column":null}},"6":{"start":{"line":8,"column":24},"end":{"line":8,"column":null}},"7":{"start":{"line":9,"column":18},"end":{"line":9,"column":null}},"8":{"start":{"line":10,"column":17},"end":{"line":10,"column":null}},"9":{"start":{"line":32,"column":29},"end":{"line":32,"column":null}},"10":{"start":{"line":33,"column":30},"end":{"line":33,"column":null}},"11":{"start":{"line":34,"column":29},"end":{"line":34,"column":null}},"12":{"start":{"line":35,"column":30},"end":{"line":35,"column":null}},"13":{"start":{"line":30,"column":2},"end":{"line":42,"column":null}},"14":{"start":{"line":31,"column":4},"end":{"line":36,"column":null}},"15":{"start":{"line":12,"column":13},"end":{"line":12,"column":37}},"16":{"start":{"line":25,"column":4},"end":{"line":25,"column":null}}},"fnMap":{},"branchMap":{},"s":{"0":1,"1":1,"2":1,"3":1,"4":1,"5":1,"6":1,"7":1,"8":1,"9":14,"10":14,"11":14,"12":14,"13":14,"14":14,"15":14,"16":14},"f":{},"b":{}}
,"C:\\Users\\Owner\\WebstormProjects\\source\\src\\pages\\About.svelte": {"path":"C:\\Users\\Owner\\WebstormProjects\\source\\src\\pages\\About.svelte","statementMap":{"0":{"start":{"line":1,"column":0},"end":{"line":3,"column":null}},"1":{"start":{"line":2,"column":4},"end":{"line":2,"column":null}}},"fnMap":{},"branchMap":{},"s":{"0":4,"1":4},"f":{},"b":{}}
,"C:\\Users\\Owner\\WebstormProjects\\source\\src\\pages\\Blog.svelte": {"path":"C:\\Users\\Owner\\WebstormProjects\\source\\src\\pages\\Blog.svelte","statementMap":{"0":{"start":{"line":1,"column":0},"end":{"line":1,"column":null}}},"fnMap":{},"branchMap":{},"s":{"0":2},"f":{},"b":{}}
,"C:\\Users\\Owner\\WebstormProjects\\source\\src\\pages\\Homepage.svelte": {"path":"C:\\Users\\Owner\\WebstormProjects\\source\\src\\pages\\Homepage.svelte","statementMap":{"0":{"start":{"line":1,"column":0},"end":{"line":3,"column":null}},"1":{"start":{"line":2,"column":2},"end":{"line":2,"column":null}}},"fnMap":{},"branchMap":{},"s":{"0":7,"1":7},"f":{},"b":{}}
,"C:\\Users\\Owner\\WebstormProjects\\source\\src\\pages\\routes.js": {"path":"C:\\Users\\Owner\\WebstormProjects\\source\\src\\pages\\routes.js","statementMap":{"0":{"start":{"line":1,"column":22},"end":{"line":7,"column":1}}},"fnMap":{},"branchMap":{},"s":{"0":3},"f":{},"b":{},"_coverageSchema":"1a1c01bbd47fc00a2c39e90264f33305004495a9","hash":"c4acd8df7cb5f850c5ce47afc6b57037200541d8"}
,"C:\\Users\\Owner\\WebstormProjects\\source\\src\\pages\\AdminPage\\AdminPage.svelte": {"path":"C:\\Users\\Owner\\WebstormProjects\\source\\src\\pages\\AdminPage\\AdminPage.svelte","statementMap":{"0":{"start":{"line":1,"column":0},"end":{"line":1,"column":null}}},"fnMap":{},"branchMap":{},"s":{"0":0},"f":{},"b":{}}
,"C:\\Users\\Owner\\WebstormProjects\\source\\src\\pages\\LoginPage\\LoginPage.svelte": {"path":"C:\\Users\\Owner\\WebstormProjects\\source\\src\\pages\\LoginPage\\LoginPage.svelte","statementMap":{"0":{"start":{"line":2,"column":49},"end":{"line":2,"column":null}},"1":{"start":{"line":41,"column":72},"end":{"line":43,"column":13}},"2":{"start":{"line":25,"column":0},"end":{"line":44,"column":null}},"3":{"start":{"line":26,"column":4},"end":{"line":26,"column":null}},"4":{"start":{"line":28,"column":4},"end":{"line":28,"column":null}},"5":{"start":{"line":29,"column":4},"end":{"line":29,"column":null}},"6":{"start":{"line":29,"column":37},"end":{"line":29,"column":48}},"7":{"start":{"line":31,"column":4},"end":{"line":31,"column":null}},"8":{"start":{"line":32,"column":4},"end":{"line":32,"column":null}},"9":{"start":{"line":32,"column":34},"end":{"line":32,"column":42}},"10":{"start":{"line":34,"column":4},"end":{"line":34,"column":null}},"11":{"start":{"line":35,"column":4},"end":{"line":35,"column":null}},"12":{"start":{"line":35,"column":53},"end":{"line":35,"column":64}},"13":{"start":{"line":37,"column":4},"end":{"line":37,"column":null}},"14":{"start":{"line":38,"column":4},"end":{"line":38,"column":null}},"15":{"start":{"line":38,"column":54},"end":{"line":38,"column":66}},"16":{"start":{"line":40,"column":4},"end":{"line":43,"column":null}},"17":{"start":{"line":10,"column":6},"end":{"line":10,"column":21}},"18":{"start":{"line":10,"column":21},"end":{"line":10,"column":33}},"19":{"start":{"line":10,"column":33},"end":{"line":10,"column":48}},"20":{"start":{"line":10,"column":48},"end":{"line":10,"column":null}},"21":{"start":{"line":15,"column":16},"end":{"line":15,"column":null}},"22":{"start":{"line":16,"column":10},"end":{"line":16,"column":null}},"23":{"start":{"line":17,"column":10},"end":{"line":17,"column":null}},"24":{"start":{"line":19,"column":36},"end":{"line":19,"column":41}},"25":{"start":{"line":20,"column":10},"end":{"line":20,"column":null}},"26":{"start":{"line":41,"column":41},"end":{"line":41,"column":72}},"27":{"start":{"line":7,"column":4},"end":{"line":7,"column":null}},"28":{"start":{"line":7,"column":5},"end":{"line":7,"column":null}}},"fnMap":{"0":{"name":"(anonymous_14)","decl":{"start":{"line":41,"column":41},"end":{"line":41,"column":53}},"loc":{"start":{"line":41,"column":41},"end":{"line":41,"column":72}}}},"branchMap":{"0":{"loc":{"start":{"line":29,"column":37},"end":{"line":29,"column":45}},"type":"binary-expr","locations":[{"start":{"line":29,"column":37},"end":{"line":29,"column":45}},{"start":{"line":29,"column":37},"end":{"line":29,"column":48}}]},"1":{"loc":{"start":{"line":32,"column":34},"end":{"line":32,"column":39}},"type":"binary-expr","locations":[{"start":{"line":32,"column":34},"end":{"line":32,"column":39}},{"start":{"line":32,"column":34},"end":{"line":32,"column":42}}]},"2":{"loc":{"start":{"line":35,"column":53},"end":{"line":35,"column":61}},"type":"binary-expr","locations":[{"start":{"line":35,"column":53},"end":{"line":35,"column":61}},{"start":{"line":35,"column":53},"end":{"line":35,"column":64}}]},"3":{"loc":{"start":{"line":38,"column":54},"end":{"line":38,"column":63}},"type":"binary-expr","locations":[{"start":{"line":38,"column":54},"end":{"line":38,"column":63}},{"start":{"line":38,"column":54},"end":{"line":38,"column":66}}]},"4":{"loc":{"start":{"line":7,"column":45},"end":{"line":7,"column":67}},"type":"cond-expr","locations":[{"start":{"line":7,"column":45},"end":{"line":7,"column":67}},{"start":{"line":7,"column":72},"end":{"line":7,"column":76}}]},"5":{"loc":{"start":{"line":7,"column":19},"end":{"line":7,"column":27}},"type":"binary-expr","locations":[{"start":{"line":7,"column":19},"end":{"line":7,"column":27}},{"start":{"line":7,"column":31},"end":{"line":7,"column":40}}]}},"s":{"0":2,"1":16,"2":16,"3":16,"4":16,"5":16,"6":29,"7":16,"8":16,"9":30,"10":16,"11":16,"12":29,"13":16,"14":16,"15":29,"16":16,"17":1,"18":1,"19":1,"20":1,"21":1,"22":1,"23":1,"24":0,"25":0,"26":17,"27":19,"28":19},"f":{"0":1},"b":{"0":[5,2],"1":[5,2],"2":[5,2],"3":[5,2],"4":[1,18],"5":[19,2]}}
,"C:\\Users\\Owner\\WebstormProjects\\source\\src\\pages\\LoginPage\\utils.js": {"path":"C:\\Users\\Owner\\WebstormProjects\\source\\src\\pages\\LoginPage\\utils.js","statementMap":{"0":{"start":{"line":7,"column":15},"end":{"line":7,"column":24}},"1":{"start":{"line":8,"column":25},"end":{"line":8,"column":80}},"2":{"start":{"line":9,"column":2},"end":{"line":9,"column":34}},"3":{"start":{"line":13,"column":2},"end":{"line":13,"column":25}}},"fnMap":{"0":{"name":"submitLoginInfo","decl":{"start":{"line":6,"column":22},"end":{"line":6,"column":37}},"loc":{"start":{"line":6,"column":55},"end":{"line":10,"column":1}},"line":6},"1":{"name":"navigateToAdminPage","decl":{"start":{"line":12,"column":16},"end":{"line":12,"column":35}},"loc":{"start":{"line":12,"column":37},"end":{"line":14,"column":1}},"line":12}},"branchMap":{},"s":{"0":2,"1":2,"2":2,"3":1},"f":{"0":2,"1":1},"b":{},"_coverageSchema":"1a1c01bbd47fc00a2c39e90264f33305004495a9","hash":"fe0954704495cd7b72dc3f89baa8af249428ccb4"}
,"C:\\Users\\Owner\\WebstormProjects\\source\\src\\stores\\authStore.js": {"path":"C:\\Users\\Owner\\WebstormProjects\\source\\src\\stores\\authStore.js","statementMap":{"0":{"start":{"line":3,"column":25},"end":{"line":6,"column":2}},"1":{"start":{"line":8,"column":31},"end":{"line":13,"column":1}},"2":{"start":{"line":9,"column":2},"end":{"line":12,"column":5}}},"fnMap":{"0":{"name":"(anonymous_0)","decl":{"start":{"line":8,"column":31},"end":{"line":8,"column":32}},"loc":{"start":{"line":8,"column":51},"end":{"line":13,"column":1}},"line":8}},"branchMap":{},"s":{"0":4,"1":4,"2":1},"f":{"0":1},"b":{},"_coverageSchema":"1a1c01bbd47fc00a2c39e90264f33305004495a9","hash":"b9cf0cdf1c987f7a7fc7792cc592b4b8f6f705e9"}
}
