TN:
SF:config/config.js
FNF:0
FNH:0
DA:1,1
LF:1
LH:1
BRF:0
BRH:0
end_of_record
TN:
SF:src/App.svelte
FN:16,(anonymous_66)
FNF:1
FNH:1
FNDA:16,(anonymous_66)
DA:2,1
DA:3,1
DA:4,1
DA:6,1
DA:7,1
DA:8,1
DA:9,1
DA:10,1
DA:11,1
DA:13,1
DA:14,1
DA:16,16
DA:20,16
DA:21,16
DA:22,16
DA:23,16
DA:24,16
DA:25,16
DA:26,16
DA:29,16
LF:20
LH:20
BRF:0
BRH:0
end_of_record
TN:
SF:src/PrivateRoute.svelte
FNF:0
FNH:0
DA:2,1
DA:3,1
DA:5,32
LF:3
LH:3
BRF:0
BRH:0
end_of_record
TN:
SF:src/PrivateRouteGuard.svelte
FNF:0
FNH:0
DA:2,1
DA:3,1
DA:4,1
DA:7,6
DA:11,6
LF:5
LH:5
BRDA:11,0,0,6
BRDA:11,0,1,0
BRF:2
BRH:1
end_of_record
TN:
SF:src/routes.js
FNF:0
FNH:0
DA:1,3
LF:1
LH:1
BRF:0
BRH:0
end_of_record
TN:
SF:src/pages/About/About.svelte
FNF:0
FNH:0
DA:1,6
DA:2,6
DA:3,6
LF:3
LH:3
BRF:0
BRH:0
end_of_record
TN:
SF:src/pages/Admin/Admin.svelte
FNF:0
FNH:0
DA:2,1
DA:5,0
DA:6,0
DA:7,0
DA:8,0
LF:5
LH:1
BRF:0
BRH:0
end_of_record
TN:
SF:src/pages/Home/Home.svelte
FNF:0
FNH:0
DA:1,10
DA:2,10
DA:3,10
LF:3
LH:3
BRF:0
BRH:0
end_of_record
TN:
SF:src/pages/Login/Login.svelte
FN:21,(anonymous_10)
FNF:1
FNH:1
FNDA:1,(anonymous_10)
DA:2,2
DA:7,12
DA:8,12
DA:9,13
DA:14,13
DA:19,12
DA:21,13
LF:7
LH:7
BRDA:9,0,0,2
BRDA:9,0,1,1
BRDA:14,1,0,2
BRDA:14,1,1,1
BRF:4
BRH:4
end_of_record
TN:
SF:src/pages/Profile/Profile.svelte
FNF:0
FNH:0
DA:2,1
DA:3,1
DA:6,0
DA:7,0
DA:8,0
LF:5
LH:2
BRDA:7,0,0,0
BRDA:7,0,1,0
BRDA:7,1,0,0
BRDA:7,1,1,0
BRF:4
BRH:0
end_of_record
TN:
SF:src/stores/user.js
FN:8,handleSubmit
FN:15,handleLogout
FNF:2
FNH:2
FNDA:2,handleSubmit
FNDA:3,handleLogout
DA:6,3
DA:9,2
DA:10,2
DA:11,2
DA:12,2
DA:16,3
DA:17,3
DA:18,3
DA:19,1
DA:20,1
DA:22,2
DA:23,2
LF:12
LH:12
BRF:0
BRH:0
end_of_record
