TN:
SF:src\pages\SignInPage.svelte
FNF:0
FNH:0
DA:2,1
DA:7,21
DA:12,2
DA:13,2
DA:14,2
DA:18,2
DA:19,2
DA:20,2
DA:21,2
DA:25,11
DA:26,11
DA:27,11
DA:28,34
DA:30,11
DA:31,11
DA:32,44
DA:34,11
DA:35,11
DA:37,53
DA:39,11
DA:40,11
DA:42,53
DA:44,11
LF:23
LH:23
BRDA:28,0,0,14
BRDA:28,0,1,4
BRDA:32,1,0,14
BRDA:32,1,1,4
BRDA:37,2,0,14
BRDA:37,2,1,6
BRDA:42,3,0,14
BRDA:42,3,1,6
BRDA:8,4,0,4
BRDA:8,4,1,17
BRDA:7,5,0,21
BRDA:7,5,1,8
BRF:12
BRH:12
end_of_record
TN:
SF:src\pages\utils.js
FN:1,sendFormDataToBackend
FN:8,(anonymous_1)
FNF:2
FNH:2
FNDA:1,sendFormDataToBackend
FNDA:2,(anonymous_1)
DA:2,1
DA:3,1
DA:6,2
DA:8,2
LF:4
LH:4
BRF:0
BRH:0
end_of_record
